2013-12-23 17:04:56,377 - Log4JLogChute initialized using file 'velocity.log'
2013-12-23 17:04:56,377 - Velocity was not initialized! Calling init()...
2013-12-23 17:04:56,377 - Starting Apache Velocity v1.5 (compiled: 2007-02-22 08:52:29)
2013-12-23 17:04:56,377 - Default Properties File: org/apache/velocity/runtime/defaults/velocity.properties
2013-12-23 17:04:56,377 - Trying to use logger class org.apache.velocity.runtime.log.AvalonLogChute
2013-12-23 17:04:56,377 - Couldn't find class org.apache.velocity.runtime.log.AvalonLogChute or necessary supporting classes in classpath.
java.lang.NoClassDefFoundError: org/apache/log/format/Formatter
	at java.lang.Class.forName0(Native Method)
	at java.lang.Class.forName(Class.java:249)
	at org.apache.velocity.util.ClassUtils.getClass(ClassUtils.java:63)
	at org.apache.velocity.util.ClassUtils.getNewInstance(ClassUtils.java:95)
	at org.apache.velocity.runtime.log.LogManager.createLogChute(LogManager.java:147)
	at org.apache.velocity.runtime.log.LogManager.updateLog(LogManager.java:208)
	at org.apache.velocity.runtime.RuntimeInstance.initializeLog(RuntimeInstance.java:728)
	at org.apache.velocity.runtime.RuntimeInstance.init(RuntimeInstance.java:240)
	at org.apache.velocity.runtime.RuntimeInstance.parse(RuntimeInstance.java:993)
	at org.apache.velocity.runtime.RuntimeInstance.parse(RuntimeInstance.java:972)
	at org.apache.velocity.app.VelocityEngine.evaluate(VelocityEngine.java:307)
	at com.svashishtha.mocktail.metadata.aj.creator.MocktailTemplateProcesser.processTemplate(MocktailTemplateProcesser.java:40)
	at com.svashishtha.mocktail.metadata.aj.creator.MocktailTemplateProcesser.createAspect(MocktailTemplateProcesser.java:114)
	at com.svashishtha.mocktail.metadata.aj.creator.MocktailAspectsCreator.createAspect(MocktailAspectsCreator.java:46)
	at com.svashishtha.mocktail.metadata.aj.creator.MocktailAspectsCreator.createClassAspect(MocktailAspectsCreator.java:26)
	at com.svashishtha.mocktail.metadata.aj.creator.MocktailAspectsCreator.createAspects(MocktailAspectsCreator.java:37)
	at com.svashishtha.mocktail.metadata.aj.creator.MocktailAspectsCreator.createRecordingAspects(MocktailAspectsCreator.java:15)
	at com.svashishtha.maven.plugin.mocktail.MocktailMojo.execute(MocktailMojo.java:70)
	at org.apache.maven.plugin.DefaultBuildPluginManager.executeMojo(DefaultBuildPluginManager.java:101)
	at org.apache.maven.lifecycle.internal.MojoExecutor.execute(MojoExecutor.java:209)
	at org.apache.maven.lifecycle.internal.MojoExecutor.execute(MojoExecutor.java:153)
	at org.apache.maven.lifecycle.internal.MojoExecutor.execute(MojoExecutor.java:145)
	at org.apache.maven.lifecycle.internal.LifecycleModuleBuilder.buildProject(LifecycleModuleBuilder.java:84)
	at org.apache.maven.lifecycle.internal.LifecycleModuleBuilder.buildProject(LifecycleModuleBuilder.java:59)
	at org.apache.maven.lifecycle.internal.LifecycleStarter.singleThreadedBuild(LifecycleStarter.java:183)
	at org.apache.maven.lifecycle.internal.LifecycleStarter.execute(LifecycleStarter.java:161)
	at org.apache.maven.DefaultMaven.doExecute(DefaultMaven.java:320)
	at org.apache.maven.DefaultMaven.execute(DefaultMaven.java:156)
	at org.apache.maven.cli.MavenCli.execute(MavenCli.java:537)
	at org.apache.maven.cli.MavenCli.doMain(MavenCli.java:196)
	at org.apache.maven.cli.MavenCli.main(MavenCli.java:141)
	at sun.reflect.NativeMethodAccessorImpl.invoke0(Native Method)
	at sun.reflect.NativeMethodAccessorImpl.invoke(NativeMethodAccessorImpl.java:39)
	at sun.reflect.DelegatingMethodAccessorImpl.invoke(DelegatingMethodAccessorImpl.java:25)
	at java.lang.reflect.Method.invoke(Method.java:597)
	at org.codehaus.plexus.classworlds.launcher.Launcher.launchEnhanced(Launcher.java:290)
	at org.codehaus.plexus.classworlds.launcher.Launcher.launch(Launcher.java:230)
	at org.codehaus.plexus.classworlds.launcher.Launcher.mainWithExitCode(Launcher.java:409)
	at org.codehaus.plexus.classworlds.launcher.Launcher.main(Launcher.java:352)
Caused by: java.lang.ClassNotFoundException: org.apache.log.format.Formatter
	at org.codehaus.plexus.classworlds.strategy.SelfFirstStrategy.loadClass(SelfFirstStrategy.java:50)
	at org.codehaus.plexus.classworlds.realm.ClassRealm.loadClass(ClassRealm.java:244)
	at org.codehaus.plexus.classworlds.realm.ClassRealm.loadClass(ClassRealm.java:230)
	... 39 more
2013-12-23 17:04:56,378 - Trying to use logger class org.apache.velocity.runtime.log.Log4JLogChute
2013-12-23 17:04:56,378 - Using logger class org.apache.velocity.runtime.log.Log4JLogChute
2013-12-23 17:04:56,379 - Default ResourceManager initializing. (class org.apache.velocity.runtime.resource.ResourceManagerImpl)
2013-12-23 17:04:56,380 - ResourceLoader instantiated: org.apache.velocity.runtime.resource.loader.FileResourceLoader
2013-12-23 17:04:56,381 - Do unicode file recognition:  false
2013-12-23 17:04:56,381 - FileResourceLoader : adding path '.'
2013-12-23 17:04:56,392 - ResourceCache: initialized (class org.apache.velocity.runtime.resource.ResourceCacheImpl)
2013-12-23 17:04:56,393 - Loaded System Directive: org.apache.velocity.runtime.directive.Literal
2013-12-23 17:04:56,394 - Loaded System Directive: org.apache.velocity.runtime.directive.Macro
2013-12-23 17:04:56,395 - Loaded System Directive: org.apache.velocity.runtime.directive.Parse
2013-12-23 17:04:56,395 - Loaded System Directive: org.apache.velocity.runtime.directive.Include
2013-12-23 17:04:56,396 - Loaded System Directive: org.apache.velocity.runtime.directive.Foreach
2013-12-23 17:04:56,411 - Created '20' parsers.
2013-12-23 17:04:56,415 - Velocimacro : "velocimacro.library" is not set.  Trying default library: VM_global_library.vm
2013-12-23 17:04:56,415 - Velocimacro : Default library not found.
2013-12-23 17:04:56,415 - Velocimacro : allowInline = true : VMs can be defined inline in templates
2013-12-23 17:04:56,415 - Velocimacro : allowInlineToOverride = false : VMs defined inline may NOT replace previous VM definitions
2013-12-23 17:04:56,415 - Velocimacro : allowInlineLocal = false : VMs defined inline will be global in scope if allowed.
2013-12-23 17:04:56,415 - Velocimacro : autoload off : VM system will not automatically reload global library macros
2013-12-23 17:04:56,422 - Log4JLogChute initialized using file 'velocity.log'
2013-12-23 17:04:56,422 - Log4JLogChute initialized using file 'velocity.log'
2013-12-23 17:04:56,422 - Velocity was not initialized! Calling init()...
2013-12-23 17:04:56,422 - Velocity was not initialized! Calling init()...
2013-12-23 17:04:56,422 - Starting Apache Velocity v1.5 (compiled: 2007-02-22 08:52:29)
2013-12-23 17:04:56,422 - Starting Apache Velocity v1.5 (compiled: 2007-02-22 08:52:29)
2013-12-23 17:04:56,422 - Default Properties File: org/apache/velocity/runtime/defaults/velocity.properties
2013-12-23 17:04:56,422 - Default Properties File: org/apache/velocity/runtime/defaults/velocity.properties
2013-12-23 17:04:56,422 - Trying to use logger class org.apache.velocity.runtime.log.AvalonLogChute
2013-12-23 17:04:56,422 - Trying to use logger class org.apache.velocity.runtime.log.AvalonLogChute
2013-12-23 17:04:56,422 - Couldn't find class org.apache.velocity.runtime.log.AvalonLogChute or necessary supporting classes in classpath.
java.lang.NoClassDefFoundError: org/apache/log/format/Formatter
	at java.lang.Class.forName0(Native Method)
	at java.lang.Class.forName(Class.java:249)
	at org.apache.velocity.util.ClassUtils.getClass(ClassUtils.java:63)
	at org.apache.velocity.util.ClassUtils.getNewInstance(ClassUtils.java:95)
	at org.apache.velocity.runtime.log.LogManager.createLogChute(LogManager.java:147)
	at org.apache.velocity.runtime.log.LogManager.updateLog(LogManager.java:208)
	at org.apache.velocity.runtime.RuntimeInstance.initializeLog(RuntimeInstance.java:728)
	at org.apache.velocity.runtime.RuntimeInstance.init(RuntimeInstance.java:240)
	at org.apache.velocity.runtime.RuntimeInstance.parse(RuntimeInstance.java:993)
	at org.apache.velocity.runtime.RuntimeInstance.parse(RuntimeInstance.java:972)
	at org.apache.velocity.app.VelocityEngine.evaluate(VelocityEngine.java:307)
	at com.svashishtha.mocktail.metadata.aj.creator.MocktailTemplateProcesser.processTemplate(MocktailTemplateProcesser.java:40)
	at com.svashishtha.mocktail.metadata.aj.creator.MocktailTemplateProcesser.createAspect(MocktailTemplateProcesser.java:114)
	at com.svashishtha.mocktail.metadata.aj.creator.MocktailAspectsCreator.createAspect(MocktailAspectsCreator.java:46)
	at com.svashishtha.mocktail.metadata.aj.creator.MocktailAspectsCreator.createClassAspect(MocktailAspectsCreator.java:26)
	at com.svashishtha.mocktail.metadata.aj.creator.MocktailAspectsCreator.createAspects(MocktailAspectsCreator.java:37)
	at com.svashishtha.mocktail.metadata.aj.creator.MocktailAspectsCreator.createRecordingAspects(MocktailAspectsCreator.java:15)
	at com.svashishtha.maven.plugin.mocktail.MocktailMojo.execute(MocktailMojo.java:70)
	at org.apache.maven.plugin.DefaultBuildPluginManager.executeMojo(DefaultBuildPluginManager.java:101)
	at org.apache.maven.lifecycle.internal.MojoExecutor.execute(MojoExecutor.java:209)
	at org.apache.maven.lifecycle.internal.MojoExecutor.execute(MojoExecutor.java:153)
	at org.apache.maven.lifecycle.internal.MojoExecutor.execute(MojoExecutor.java:145)
	at org.apache.maven.lifecycle.internal.LifecycleModuleBuilder.buildProject(LifecycleModuleBuilder.java:84)
	at org.apache.maven.lifecycle.internal.LifecycleModuleBuilder.buildProject(LifecycleModuleBuilder.java:59)
	at org.apache.maven.lifecycle.internal.LifecycleStarter.singleThreadedBuild(LifecycleStarter.java:183)
	at org.apache.maven.lifecycle.internal.LifecycleStarter.execute(LifecycleStarter.java:161)
	at org.apache.maven.DefaultMaven.doExecute(DefaultMaven.java:320)
	at org.apache.maven.DefaultMaven.execute(DefaultMaven.java:156)
	at org.apache.maven.cli.MavenCli.execute(MavenCli.java:537)
	at org.apache.maven.cli.MavenCli.doMain(MavenCli.java:196)
	at org.apache.maven.cli.MavenCli.main(MavenCli.java:141)
	at sun.reflect.NativeMethodAccessorImpl.invoke0(Native Method)
	at sun.reflect.NativeMethodAccessorImpl.invoke(NativeMethodAccessorImpl.java:39)
	at sun.reflect.DelegatingMethodAccessorImpl.invoke(DelegatingMethodAccessorImpl.java:25)
	at java.lang.reflect.Method.invoke(Method.java:597)
	at org.codehaus.plexus.classworlds.launcher.Launcher.launchEnhanced(Launcher.java:290)
	at org.codehaus.plexus.classworlds.launcher.Launcher.launch(Launcher.java:230)
	at org.codehaus.plexus.classworlds.launcher.Launcher.mainWithExitCode(Launcher.java:409)
	at org.codehaus.plexus.classworlds.launcher.Launcher.main(Launcher.java:352)
Caused by: java.lang.ClassNotFoundException: org.apache.log.format.Formatter
	at org.codehaus.plexus.classworlds.strategy.SelfFirstStrategy.loadClass(SelfFirstStrategy.java:50)
	at org.codehaus.plexus.classworlds.realm.ClassRealm.loadClass(ClassRealm.java:244)
	at org.codehaus.plexus.classworlds.realm.ClassRealm.loadClass(ClassRealm.java:230)
	... 39 more
2013-12-23 17:04:56,422 - Couldn't find class org.apache.velocity.runtime.log.AvalonLogChute or necessary supporting classes in classpath.
java.lang.NoClassDefFoundError: org/apache/log/format/Formatter
	at java.lang.Class.forName0(Native Method)
	at java.lang.Class.forName(Class.java:249)
	at org.apache.velocity.util.ClassUtils.getClass(ClassUtils.java:63)
	at org.apache.velocity.util.ClassUtils.getNewInstance(ClassUtils.java:95)
	at org.apache.velocity.runtime.log.LogManager.createLogChute(LogManager.java:147)
	at org.apache.velocity.runtime.log.LogManager.updateLog(LogManager.java:208)
	at org.apache.velocity.runtime.RuntimeInstance.initializeLog(RuntimeInstance.java:728)
	at org.apache.velocity.runtime.RuntimeInstance.init(RuntimeInstance.java:240)
	at org.apache.velocity.runtime.RuntimeInstance.parse(RuntimeInstance.java:993)
	at org.apache.velocity.runtime.RuntimeInstance.parse(RuntimeInstance.java:972)
	at org.apache.velocity.app.VelocityEngine.evaluate(VelocityEngine.java:307)
	at com.svashishtha.mocktail.metadata.aj.creator.MocktailTemplateProcesser.processTemplate(MocktailTemplateProcesser.java:40)
	at com.svashishtha.mocktail.metadata.aj.creator.MocktailTemplateProcesser.createAspect(MocktailTemplateProcesser.java:114)
	at com.svashishtha.mocktail.metadata.aj.creator.MocktailAspectsCreator.createAspect(MocktailAspectsCreator.java:46)
	at com.svashishtha.mocktail.metadata.aj.creator.MocktailAspectsCreator.createClassAspect(MocktailAspectsCreator.java:26)
	at com.svashishtha.mocktail.metadata.aj.creator.MocktailAspectsCreator.createAspects(MocktailAspectsCreator.java:37)
	at com.svashishtha.mocktail.metadata.aj.creator.MocktailAspectsCreator.createRecordingAspects(MocktailAspectsCreator.java:15)
	at com.svashishtha.maven.plugin.mocktail.MocktailMojo.execute(MocktailMojo.java:70)
	at org.apache.maven.plugin.DefaultBuildPluginManager.executeMojo(DefaultBuildPluginManager.java:101)
	at org.apache.maven.lifecycle.internal.MojoExecutor.execute(MojoExecutor.java:209)
	at org.apache.maven.lifecycle.internal.MojoExecutor.execute(MojoExecutor.java:153)
	at org.apache.maven.lifecycle.internal.MojoExecutor.execute(MojoExecutor.java:145)
	at org.apache.maven.lifecycle.internal.LifecycleModuleBuilder.buildProject(LifecycleModuleBuilder.java:84)
	at org.apache.maven.lifecycle.internal.LifecycleModuleBuilder.buildProject(LifecycleModuleBuilder.java:59)
	at org.apache.maven.lifecycle.internal.LifecycleStarter.singleThreadedBuild(LifecycleStarter.java:183)
	at org.apache.maven.lifecycle.internal.LifecycleStarter.execute(LifecycleStarter.java:161)
	at org.apache.maven.DefaultMaven.doExecute(DefaultMaven.java:320)
	at org.apache.maven.DefaultMaven.execute(DefaultMaven.java:156)
	at org.apache.maven.cli.MavenCli.execute(MavenCli.java:537)
	at org.apache.maven.cli.MavenCli.doMain(MavenCli.java:196)
	at org.apache.maven.cli.MavenCli.main(MavenCli.java:141)
	at sun.reflect.NativeMethodAccessorImpl.invoke0(Native Method)
	at sun.reflect.NativeMethodAccessorImpl.invoke(NativeMethodAccessorImpl.java:39)
	at sun.reflect.DelegatingMethodAccessorImpl.invoke(DelegatingMethodAccessorImpl.java:25)
	at java.lang.reflect.Method.invoke(Method.java:597)
	at org.codehaus.plexus.classworlds.launcher.Launcher.launchEnhanced(Launcher.java:290)
	at org.codehaus.plexus.classworlds.launcher.Launcher.launch(Launcher.java:230)
	at org.codehaus.plexus.classworlds.launcher.Launcher.mainWithExitCode(Launcher.java:409)
	at org.codehaus.plexus.classworlds.launcher.Launcher.main(Launcher.java:352)
Caused by: java.lang.ClassNotFoundException: org.apache.log.format.Formatter
	at org.codehaus.plexus.classworlds.strategy.SelfFirstStrategy.loadClass(SelfFirstStrategy.java:50)
	at org.codehaus.plexus.classworlds.realm.ClassRealm.loadClass(ClassRealm.java:244)
	at org.codehaus.plexus.classworlds.realm.ClassRealm.loadClass(ClassRealm.java:230)
	... 39 more
2013-12-23 17:04:56,423 - Trying to use logger class org.apache.velocity.runtime.log.Log4JLogChute
2013-12-23 17:04:56,423 - Trying to use logger class org.apache.velocity.runtime.log.Log4JLogChute
2013-12-23 17:04:56,423 - Using logger class org.apache.velocity.runtime.log.Log4JLogChute
2013-12-23 17:04:56,423 - Using logger class org.apache.velocity.runtime.log.Log4JLogChute
2013-12-23 17:04:56,423 - Default ResourceManager initializing. (class org.apache.velocity.runtime.resource.ResourceManagerImpl)
2013-12-23 17:04:56,423 - Default ResourceManager initializing. (class org.apache.velocity.runtime.resource.ResourceManagerImpl)
2013-12-23 17:04:56,423 - ResourceLoader instantiated: org.apache.velocity.runtime.resource.loader.FileResourceLoader
2013-12-23 17:04:56,423 - ResourceLoader instantiated: org.apache.velocity.runtime.resource.loader.FileResourceLoader
2013-12-23 17:04:56,423 - Do unicode file recognition:  false
2013-12-23 17:04:56,423 - Do unicode file recognition:  false
2013-12-23 17:04:56,423 - FileResourceLoader : adding path '.'
2013-12-23 17:04:56,423 - FileResourceLoader : adding path '.'
2013-12-23 17:04:56,423 - ResourceCache: initialized (class org.apache.velocity.runtime.resource.ResourceCacheImpl)
2013-12-23 17:04:56,423 - ResourceCache: initialized (class org.apache.velocity.runtime.resource.ResourceCacheImpl)
2013-12-23 17:04:56,423 - Loaded System Directive: org.apache.velocity.runtime.directive.Literal
2013-12-23 17:04:56,423 - Loaded System Directive: org.apache.velocity.runtime.directive.Literal
2013-12-23 17:04:56,423 - Loaded System Directive: org.apache.velocity.runtime.directive.Macro
2013-12-23 17:04:56,423 - Loaded System Directive: org.apache.velocity.runtime.directive.Macro
2013-12-23 17:04:56,424 - Loaded System Directive: org.apache.velocity.runtime.directive.Parse
2013-12-23 17:04:56,424 - Loaded System Directive: org.apache.velocity.runtime.directive.Parse
2013-12-23 17:04:56,424 - Loaded System Directive: org.apache.velocity.runtime.directive.Include
2013-12-23 17:04:56,424 - Loaded System Directive: org.apache.velocity.runtime.directive.Include
2013-12-23 17:04:56,424 - Loaded System Directive: org.apache.velocity.runtime.directive.Foreach
2013-12-23 17:04:56,424 - Loaded System Directive: org.apache.velocity.runtime.directive.Foreach
2013-12-23 17:04:56,424 - Created '20' parsers.
2013-12-23 17:04:56,424 - Created '20' parsers.
2013-12-23 17:04:56,424 - Velocimacro : "velocimacro.library" is not set.  Trying default library: VM_global_library.vm
2013-12-23 17:04:56,424 - Velocimacro : "velocimacro.library" is not set.  Trying default library: VM_global_library.vm
2013-12-23 17:04:56,424 - Velocimacro : Default library not found.
2013-12-23 17:04:56,424 - Velocimacro : Default library not found.
2013-12-23 17:04:56,424 - Velocimacro : allowInline = true : VMs can be defined inline in templates
2013-12-23 17:04:56,424 - Velocimacro : allowInline = true : VMs can be defined inline in templates
2013-12-23 17:04:56,424 - Velocimacro : allowInlineToOverride = false : VMs defined inline may NOT replace previous VM definitions
2013-12-23 17:04:56,424 - Velocimacro : allowInlineToOverride = false : VMs defined inline may NOT replace previous VM definitions
2013-12-23 17:04:56,425 - Velocimacro : allowInlineLocal = false : VMs defined inline will be global in scope if allowed.
2013-12-23 17:04:56,425 - Velocimacro : allowInlineLocal = false : VMs defined inline will be global in scope if allowed.
2013-12-23 17:04:56,425 - Velocimacro : autoload off : VM system will not automatically reload global library macros
2013-12-23 17:04:56,425 - Velocimacro : autoload off : VM system will not automatically reload global library macros
2013-12-23 17:04:56,428 - Log4JLogChute initialized using file 'velocity.log'
2013-12-23 17:04:56,428 - Log4JLogChute initialized using file 'velocity.log'
2013-12-23 17:04:56,428 - Log4JLogChute initialized using file 'velocity.log'
2013-12-23 17:04:56,428 - Velocity was not initialized! Calling init()...
2013-12-23 17:04:56,428 - Velocity was not initialized! Calling init()...
2013-12-23 17:04:56,428 - Velocity was not initialized! Calling init()...
2013-12-23 17:04:56,428 - Starting Apache Velocity v1.5 (compiled: 2007-02-22 08:52:29)
2013-12-23 17:04:56,428 - Starting Apache Velocity v1.5 (compiled: 2007-02-22 08:52:29)
2013-12-23 17:04:56,428 - Starting Apache Velocity v1.5 (compiled: 2007-02-22 08:52:29)
2013-12-23 17:04:56,429 - Default Properties File: org/apache/velocity/runtime/defaults/velocity.properties
2013-12-23 17:04:56,429 - Default Properties File: org/apache/velocity/runtime/defaults/velocity.properties
2013-12-23 17:04:56,429 - Default Properties File: org/apache/velocity/runtime/defaults/velocity.properties
2013-12-23 17:04:56,429 - Trying to use logger class org.apache.velocity.runtime.log.AvalonLogChute
2013-12-23 17:04:56,429 - Trying to use logger class org.apache.velocity.runtime.log.AvalonLogChute
2013-12-23 17:04:56,429 - Trying to use logger class org.apache.velocity.runtime.log.AvalonLogChute
2013-12-23 17:04:56,429 - Couldn't find class org.apache.velocity.runtime.log.AvalonLogChute or necessary supporting classes in classpath.
java.lang.NoClassDefFoundError: org/apache/log/format/Formatter
	at java.lang.Class.forName0(Native Method)
	at java.lang.Class.forName(Class.java:249)
	at org.apache.velocity.util.ClassUtils.getClass(ClassUtils.java:63)
	at org.apache.velocity.util.ClassUtils.getNewInstance(ClassUtils.java:95)
	at org.apache.velocity.runtime.log.LogManager.createLogChute(LogManager.java:147)
	at org.apache.velocity.runtime.log.LogManager.updateLog(LogManager.java:208)
	at org.apache.velocity.runtime.RuntimeInstance.initializeLog(RuntimeInstance.java:728)
	at org.apache.velocity.runtime.RuntimeInstance.init(RuntimeInstance.java:240)
	at org.apache.velocity.runtime.RuntimeInstance.parse(RuntimeInstance.java:993)
	at org.apache.velocity.runtime.RuntimeInstance.parse(RuntimeInstance.java:972)
	at org.apache.velocity.app.VelocityEngine.evaluate(VelocityEngine.java:307)
	at com.svashishtha.mocktail.metadata.aj.creator.MocktailTemplateProcesser.processTemplate(MocktailTemplateProcesser.java:40)
	at com.svashishtha.mocktail.metadata.aj.creator.MocktailTemplateProcesser.createAspect(MocktailTemplateProcesser.java:114)
	at com.svashishtha.mocktail.metadata.aj.creator.MocktailAspectsCreator.createAspect(MocktailAspectsCreator.java:46)
	at com.svashishtha.mocktail.metadata.aj.creator.MocktailAspectsCreator.createMethodAspect(MocktailAspectsCreator.java:30)
	at com.svashishtha.mocktail.metadata.aj.creator.MocktailAspectsCreator.createAspects(MocktailAspectsCreator.java:39)
	at com.svashishtha.mocktail.metadata.aj.creator.MocktailAspectsCreator.createRecordingAspects(MocktailAspectsCreator.java:15)
	at com.svashishtha.maven.plugin.mocktail.MocktailMojo.execute(MocktailMojo.java:70)
	at org.apache.maven.plugin.DefaultBuildPluginManager.executeMojo(DefaultBuildPluginManager.java:101)
	at org.apache.maven.lifecycle.internal.MojoExecutor.execute(MojoExecutor.java:209)
	at org.apache.maven.lifecycle.internal.MojoExecutor.execute(MojoExecutor.java:153)
	at org.apache.maven.lifecycle.internal.MojoExecutor.execute(MojoExecutor.java:145)
	at org.apache.maven.lifecycle.internal.LifecycleModuleBuilder.buildProject(LifecycleModuleBuilder.java:84)
	at org.apache.maven.lifecycle.internal.LifecycleModuleBuilder.buildProject(LifecycleModuleBuilder.java:59)
	at org.apache.maven.lifecycle.internal.LifecycleStarter.singleThreadedBuild(LifecycleStarter.java:183)
	at org.apache.maven.lifecycle.internal.LifecycleStarter.execute(LifecycleStarter.java:161)
	at org.apache.maven.DefaultMaven.doExecute(DefaultMaven.java:320)
	at org.apache.maven.DefaultMaven.execute(DefaultMaven.java:156)
	at org.apache.maven.cli.MavenCli.execute(MavenCli.java:537)
	at org.apache.maven.cli.MavenCli.doMain(MavenCli.java:196)
	at org.apache.maven.cli.MavenCli.main(MavenCli.java:141)
	at sun.reflect.NativeMethodAccessorImpl.invoke0(Native Method)
	at sun.reflect.NativeMethodAccessorImpl.invoke(NativeMethodAccessorImpl.java:39)
	at sun.reflect.DelegatingMethodAccessorImpl.invoke(DelegatingMethodAccessorImpl.java:25)
	at java.lang.reflect.Method.invoke(Method.java:597)
	at org.codehaus.plexus.classworlds.launcher.Launcher.launchEnhanced(Launcher.java:290)
	at org.codehaus.plexus.classworlds.launcher.Launcher.launch(Launcher.java:230)
	at org.codehaus.plexus.classworlds.launcher.Launcher.mainWithExitCode(Launcher.java:409)
	at org.codehaus.plexus.classworlds.launcher.Launcher.main(Launcher.java:352)
Caused by: java.lang.ClassNotFoundException: org.apache.log.format.Formatter
	at org.codehaus.plexus.classworlds.strategy.SelfFirstStrategy.loadClass(SelfFirstStrategy.java:50)
	at org.codehaus.plexus.classworlds.realm.ClassRealm.loadClass(ClassRealm.java:244)
	at org.codehaus.plexus.classworlds.realm.ClassRealm.loadClass(ClassRealm.java:230)
	... 39 more
2013-12-23 17:04:56,429 - Couldn't find class org.apache.velocity.runtime.log.AvalonLogChute or necessary supporting classes in classpath.
java.lang.NoClassDefFoundError: org/apache/log/format/Formatter
	at java.lang.Class.forName0(Native Method)
	at java.lang.Class.forName(Class.java:249)
	at org.apache.velocity.util.ClassUtils.getClass(ClassUtils.java:63)
	at org.apache.velocity.util.ClassUtils.getNewInstance(ClassUtils.java:95)
	at org.apache.velocity.runtime.log.LogManager.createLogChute(LogManager.java:147)
	at org.apache.velocity.runtime.log.LogManager.updateLog(LogManager.java:208)
	at org.apache.velocity.runtime.RuntimeInstance.initializeLog(RuntimeInstance.java:728)
	at org.apache.velocity.runtime.RuntimeInstance.init(RuntimeInstance.java:240)
	at org.apache.velocity.runtime.RuntimeInstance.parse(RuntimeInstance.java:993)
	at org.apache.velocity.runtime.RuntimeInstance.parse(RuntimeInstance.java:972)
	at org.apache.velocity.app.VelocityEngine.evaluate(VelocityEngine.java:307)
	at com.svashishtha.mocktail.metadata.aj.creator.MocktailTemplateProcesser.processTemplate(MocktailTemplateProcesser.java:40)
	at com.svashishtha.mocktail.metadata.aj.creator.MocktailTemplateProcesser.createAspect(MocktailTemplateProcesser.java:114)
	at com.svashishtha.mocktail.metadata.aj.creator.MocktailAspectsCreator.createAspect(MocktailAspectsCreator.java:46)
	at com.svashishtha.mocktail.metadata.aj.creator.MocktailAspectsCreator.createMethodAspect(MocktailAspectsCreator.java:30)
	at com.svashishtha.mocktail.metadata.aj.creator.MocktailAspectsCreator.createAspects(MocktailAspectsCreator.java:39)
	at com.svashishtha.mocktail.metadata.aj.creator.MocktailAspectsCreator.createRecordingAspects(MocktailAspectsCreator.java:15)
	at com.svashishtha.maven.plugin.mocktail.MocktailMojo.execute(MocktailMojo.java:70)
	at org.apache.maven.plugin.DefaultBuildPluginManager.executeMojo(DefaultBuildPluginManager.java:101)
	at org.apache.maven.lifecycle.internal.MojoExecutor.execute(MojoExecutor.java:209)
	at org.apache.maven.lifecycle.internal.MojoExecutor.execute(MojoExecutor.java:153)
	at org.apache.maven.lifecycle.internal.MojoExecutor.execute(MojoExecutor.java:145)
	at org.apache.maven.lifecycle.internal.LifecycleModuleBuilder.buildProject(LifecycleModuleBuilder.java:84)
	at org.apache.maven.lifecycle.internal.LifecycleModuleBuilder.buildProject(LifecycleModuleBuilder.java:59)
	at org.apache.maven.lifecycle.internal.LifecycleStarter.singleThreadedBuild(LifecycleStarter.java:183)
	at org.apache.maven.lifecycle.internal.LifecycleStarter.execute(LifecycleStarter.java:161)
	at org.apache.maven.DefaultMaven.doExecute(DefaultMaven.java:320)
	at org.apache.maven.DefaultMaven.execute(DefaultMaven.java:156)
	at org.apache.maven.cli.MavenCli.execute(MavenCli.java:537)
	at org.apache.maven.cli.MavenCli.doMain(MavenCli.java:196)
	at org.apache.maven.cli.MavenCli.main(MavenCli.java:141)
	at sun.reflect.NativeMethodAccessorImpl.invoke0(Native Method)
	at sun.reflect.NativeMethodAccessorImpl.invoke(NativeMethodAccessorImpl.java:39)
	at sun.reflect.DelegatingMethodAccessorImpl.invoke(DelegatingMethodAccessorImpl.java:25)
	at java.lang.reflect.Method.invoke(Method.java:597)
	at org.codehaus.plexus.classworlds.launcher.Launcher.launchEnhanced(Launcher.java:290)
	at org.codehaus.plexus.classworlds.launcher.Launcher.launch(Launcher.java:230)
	at org.codehaus.plexus.classworlds.launcher.Launcher.mainWithExitCode(Launcher.java:409)
	at org.codehaus.plexus.classworlds.launcher.Launcher.main(Launcher.java:352)
Caused by: java.lang.ClassNotFoundException: org.apache.log.format.Formatter
	at org.codehaus.plexus.classworlds.strategy.SelfFirstStrategy.loadClass(SelfFirstStrategy.java:50)
	at org.codehaus.plexus.classworlds.realm.ClassRealm.loadClass(ClassRealm.java:244)
	at org.codehaus.plexus.classworlds.realm.ClassRealm.loadClass(ClassRealm.java:230)
	... 39 more
2013-12-23 17:04:56,429 - Couldn't find class org.apache.velocity.runtime.log.AvalonLogChute or necessary supporting classes in classpath.
java.lang.NoClassDefFoundError: org/apache/log/format/Formatter
	at java.lang.Class.forName0(Native Method)
	at java.lang.Class.forName(Class.java:249)
	at org.apache.velocity.util.ClassUtils.getClass(ClassUtils.java:63)
	at org.apache.velocity.util.ClassUtils.getNewInstance(ClassUtils.java:95)
	at org.apache.velocity.runtime.log.LogManager.createLogChute(LogManager.java:147)
	at org.apache.velocity.runtime.log.LogManager.updateLog(LogManager.java:208)
	at org.apache.velocity.runtime.RuntimeInstance.initializeLog(RuntimeInstance.java:728)
	at org.apache.velocity.runtime.RuntimeInstance.init(RuntimeInstance.java:240)
	at org.apache.velocity.runtime.RuntimeInstance.parse(RuntimeInstance.java:993)
	at org.apache.velocity.runtime.RuntimeInstance.parse(RuntimeInstance.java:972)
	at org.apache.velocity.app.VelocityEngine.evaluate(VelocityEngine.java:307)
	at com.svashishtha.mocktail.metadata.aj.creator.MocktailTemplateProcesser.processTemplate(MocktailTemplateProcesser.java:40)
	at com.svashishtha.mocktail.metadata.aj.creator.MocktailTemplateProcesser.createAspect(MocktailTemplateProcesser.java:114)
	at com.svashishtha.mocktail.metadata.aj.creator.MocktailAspectsCreator.createAspect(MocktailAspectsCreator.java:46)
	at com.svashishtha.mocktail.metadata.aj.creator.MocktailAspectsCreator.createMethodAspect(MocktailAspectsCreator.java:30)
	at com.svashishtha.mocktail.metadata.aj.creator.MocktailAspectsCreator.createAspects(MocktailAspectsCreator.java:39)
	at com.svashishtha.mocktail.metadata.aj.creator.MocktailAspectsCreator.createRecordingAspects(MocktailAspectsCreator.java:15)
	at com.svashishtha.maven.plugin.mocktail.MocktailMojo.execute(MocktailMojo.java:70)
	at org.apache.maven.plugin.DefaultBuildPluginManager.executeMojo(DefaultBuildPluginManager.java:101)
	at org.apache.maven.lifecycle.internal.MojoExecutor.execute(MojoExecutor.java:209)
	at org.apache.maven.lifecycle.internal.MojoExecutor.execute(MojoExecutor.java:153)
	at org.apache.maven.lifecycle.internal.MojoExecutor.execute(MojoExecutor.java:145)
	at org.apache.maven.lifecycle.internal.LifecycleModuleBuilder.buildProject(LifecycleModuleBuilder.java:84)
	at org.apache.maven.lifecycle.internal.LifecycleModuleBuilder.buildProject(LifecycleModuleBuilder.java:59)
	at org.apache.maven.lifecycle.internal.LifecycleStarter.singleThreadedBuild(LifecycleStarter.java:183)
	at org.apache.maven.lifecycle.internal.LifecycleStarter.execute(LifecycleStarter.java:161)
	at org.apache.maven.DefaultMaven.doExecute(DefaultMaven.java:320)
	at org.apache.maven.DefaultMaven.execute(DefaultMaven.java:156)
	at org.apache.maven.cli.MavenCli.execute(MavenCli.java:537)
	at org.apache.maven.cli.MavenCli.doMain(MavenCli.java:196)
	at org.apache.maven.cli.MavenCli.main(MavenCli.java:141)
	at sun.reflect.NativeMethodAccessorImpl.invoke0(Native Method)
	at sun.reflect.NativeMethodAccessorImpl.invoke(NativeMethodAccessorImpl.java:39)
	at sun.reflect.DelegatingMethodAccessorImpl.invoke(DelegatingMethodAccessorImpl.java:25)
	at java.lang.reflect.Method.invoke(Method.java:597)
	at org.codehaus.plexus.classworlds.launcher.Launcher.launchEnhanced(Launcher.java:290)
	at org.codehaus.plexus.classworlds.launcher.Launcher.launch(Launcher.java:230)
	at org.codehaus.plexus.classworlds.launcher.Launcher.mainWithExitCode(Launcher.java:409)
	at org.codehaus.plexus.classworlds.launcher.Launcher.main(Launcher.java:352)
Caused by: java.lang.ClassNotFoundException: org.apache.log.format.Formatter
	at org.codehaus.plexus.classworlds.strategy.SelfFirstStrategy.loadClass(SelfFirstStrategy.java:50)
	at org.codehaus.plexus.classworlds.realm.ClassRealm.loadClass(ClassRealm.java:244)
	at org.codehaus.plexus.classworlds.realm.ClassRealm.loadClass(ClassRealm.java:230)
	... 39 more
2013-12-23 17:04:56,429 - Trying to use logger class org.apache.velocity.runtime.log.Log4JLogChute
2013-12-23 17:04:56,429 - Trying to use logger class org.apache.velocity.runtime.log.Log4JLogChute
2013-12-23 17:04:56,429 - Trying to use logger class org.apache.velocity.runtime.log.Log4JLogChute
2013-12-23 17:04:56,429 - Using logger class org.apache.velocity.runtime.log.Log4JLogChute
2013-12-23 17:04:56,429 - Using logger class org.apache.velocity.runtime.log.Log4JLogChute
2013-12-23 17:04:56,429 - Using logger class org.apache.velocity.runtime.log.Log4JLogChute
2013-12-23 17:04:56,429 - Default ResourceManager initializing. (class org.apache.velocity.runtime.resource.ResourceManagerImpl)
2013-12-23 17:04:56,429 - Default ResourceManager initializing. (class org.apache.velocity.runtime.resource.ResourceManagerImpl)
2013-12-23 17:04:56,429 - Default ResourceManager initializing. (class org.apache.velocity.runtime.resource.ResourceManagerImpl)
2013-12-23 17:04:56,429 - ResourceLoader instantiated: org.apache.velocity.runtime.resource.loader.FileResourceLoader
2013-12-23 17:04:56,429 - ResourceLoader instantiated: org.apache.velocity.runtime.resource.loader.FileResourceLoader
2013-12-23 17:04:56,429 - ResourceLoader instantiated: org.apache.velocity.runtime.resource.loader.FileResourceLoader
2013-12-23 17:04:56,430 - Do unicode file recognition:  false
2013-12-23 17:04:56,430 - Do unicode file recognition:  false
2013-12-23 17:04:56,430 - Do unicode file recognition:  false
2013-12-23 17:04:56,430 - FileResourceLoader : adding path '.'
2013-12-23 17:04:56,430 - FileResourceLoader : adding path '.'
2013-12-23 17:04:56,430 - FileResourceLoader : adding path '.'
2013-12-23 17:04:56,430 - ResourceCache: initialized (class org.apache.velocity.runtime.resource.ResourceCacheImpl)
2013-12-23 17:04:56,430 - ResourceCache: initialized (class org.apache.velocity.runtime.resource.ResourceCacheImpl)
2013-12-23 17:04:56,430 - ResourceCache: initialized (class org.apache.velocity.runtime.resource.ResourceCacheImpl)
2013-12-23 17:04:56,430 - Loaded System Directive: org.apache.velocity.runtime.directive.Literal
2013-12-23 17:04:56,430 - Loaded System Directive: org.apache.velocity.runtime.directive.Literal
2013-12-23 17:04:56,430 - Loaded System Directive: org.apache.velocity.runtime.directive.Literal
2013-12-23 17:04:56,430 - Loaded System Directive: org.apache.velocity.runtime.directive.Macro
2013-12-23 17:04:56,430 - Loaded System Directive: org.apache.velocity.runtime.directive.Macro
2013-12-23 17:04:56,430 - Loaded System Directive: org.apache.velocity.runtime.directive.Macro
2013-12-23 17:04:56,430 - Loaded System Directive: org.apache.velocity.runtime.directive.Parse
2013-12-23 17:04:56,430 - Loaded System Directive: org.apache.velocity.runtime.directive.Parse
2013-12-23 17:04:56,430 - Loaded System Directive: org.apache.velocity.runtime.directive.Parse
2013-12-23 17:04:56,430 - Loaded System Directive: org.apache.velocity.runtime.directive.Include
2013-12-23 17:04:56,430 - Loaded System Directive: org.apache.velocity.runtime.directive.Include
2013-12-23 17:04:56,430 - Loaded System Directive: org.apache.velocity.runtime.directive.Include
2013-12-23 17:04:56,430 - Loaded System Directive: org.apache.velocity.runtime.directive.Foreach
2013-12-23 17:04:56,430 - Loaded System Directive: org.apache.velocity.runtime.directive.Foreach
2013-12-23 17:04:56,430 - Loaded System Directive: org.apache.velocity.runtime.directive.Foreach
2013-12-23 17:04:56,431 - Created '20' parsers.
2013-12-23 17:04:56,431 - Created '20' parsers.
2013-12-23 17:04:56,431 - Created '20' parsers.
2013-12-23 17:04:56,431 - Velocimacro : "velocimacro.library" is not set.  Trying default library: VM_global_library.vm
2013-12-23 17:04:56,431 - Velocimacro : "velocimacro.library" is not set.  Trying default library: VM_global_library.vm
2013-12-23 17:04:56,431 - Velocimacro : "velocimacro.library" is not set.  Trying default library: VM_global_library.vm
2013-12-23 17:04:56,431 - Velocimacro : Default library not found.
2013-12-23 17:04:56,431 - Velocimacro : Default library not found.
2013-12-23 17:04:56,431 - Velocimacro : Default library not found.
2013-12-23 17:04:56,431 - Velocimacro : allowInline = true : VMs can be defined inline in templates
2013-12-23 17:04:56,431 - Velocimacro : allowInline = true : VMs can be defined inline in templates
2013-12-23 17:04:56,431 - Velocimacro : allowInline = true : VMs can be defined inline in templates
2013-12-23 17:04:56,431 - Velocimacro : allowInlineToOverride = false : VMs defined inline may NOT replace previous VM definitions
2013-12-23 17:04:56,431 - Velocimacro : allowInlineToOverride = false : VMs defined inline may NOT replace previous VM definitions
2013-12-23 17:04:56,431 - Velocimacro : allowInlineToOverride = false : VMs defined inline may NOT replace previous VM definitions
2013-12-23 17:04:56,431 - Velocimacro : allowInlineLocal = false : VMs defined inline will be global in scope if allowed.
2013-12-23 17:04:56,431 - Velocimacro : allowInlineLocal = false : VMs defined inline will be global in scope if allowed.
2013-12-23 17:04:56,431 - Velocimacro : allowInlineLocal = false : VMs defined inline will be global in scope if allowed.
2013-12-23 17:04:56,431 - Velocimacro : autoload off : VM system will not automatically reload global library macros
2013-12-23 17:04:56,431 - Velocimacro : autoload off : VM system will not automatically reload global library macros
2013-12-23 17:04:56,431 - Velocimacro : autoload off : VM system will not automatically reload global library macros
